running sims...
srun: Job step aborted: Waiting up to 32 seconds for job step to finish.
slurmstepd: error: *** STEP 15624496.0 ON bhpc-c5-u31-1 CANCELLED AT 2023-08-01T08:34:10 ***
slurmstepd: error: *** JOB 15624496 ON bhpc-c5-u31-1 CANCELLED AT 2023-08-01T08:34:10 ***
