running sims...
srun: Job step aborted: Waiting up to 32 seconds for job step to finish.
slurmstepd: error: *** STEP 15627125.0 ON bhpc-c5-u31-1 CANCELLED AT 2023-08-01T10:08:33 ***
slurmstepd: error: *** JOB 15627125 ON bhpc-c5-u31-1 CANCELLED AT 2023-08-01T10:08:33 ***
